{"D:\\NodeJS\\src\\models\\article.model.js": {"path":"D:\\NodeJS\\src\\models\\article.model.js","statementMap":{"0":{"start":{"line":1,"column":22},"end":{"line":1,"column":42}},"1":{"start":{"line":3,"column":0},"end":{"line":20,"column":2}},"2":{"start":{"line":4,"column":20},"end":{"line":17,"column":5}},"3":{"start":{"line":19,"column":4},"end":{"line":19,"column":19}}},"fnMap":{"0":{"name":"(anonymous_0)","decl":{"start":{"line":3,"column":17},"end":{"line":3,"column":18}},"loc":{"start":{"line":3,"column":38},"end":{"line":20,"column":1}},"line":3}},"branchMap":{},"s":{"0":3,"1":3,"2":3,"3":3},"f":{"0":3},"b":{},"_coverageSchema":"1a1c01bbd47fc00a2c39e90264f33305004495a9","hash":"fd07d1ae5496815c34359d28ff6ca54bc29f6d18"}
,"D:\\NodeJS\\src\\models\\comment.model.js": {"path":"D:\\NodeJS\\src\\models\\comment.model.js","statementMap":{"0":{"start":{"line":1,"column":22},"end":{"line":1,"column":42}},"1":{"start":{"line":3,"column":0},"end":{"line":12,"column":2}},"2":{"start":{"line":4,"column":20},"end":{"line":9,"column":6}},"3":{"start":{"line":11,"column":4},"end":{"line":11,"column":19}}},"fnMap":{"0":{"name":"(anonymous_0)","decl":{"start":{"line":3,"column":17},"end":{"line":3,"column":18}},"loc":{"start":{"line":3,"column":38},"end":{"line":12,"column":1}},"line":3}},"branchMap":{},"s":{"0":3,"1":3,"2":3,"3":3},"f":{"0":3},"b":{},"_coverageSchema":"1a1c01bbd47fc00a2c39e90264f33305004495a9","hash":"eff340d5f05b53fd2a91c51860cc5feee043c1da"}
,"D:\\NodeJS\\src\\models\\index.js": {"path":"D:\\NodeJS\\src\\models\\index.js","statementMap":{"0":{"start":{"line":1,"column":11},"end":{"line":1,"column":24}},"1":{"start":{"line":2,"column":13},"end":{"line":2,"column":28}},"2":{"start":{"line":3,"column":22},"end":{"line":3,"column":42}},"3":{"start":{"line":4,"column":12},"end":{"line":4,"column":49}},"4":{"start":{"line":5,"column":15},"end":{"line":5,"column":54}},"5":{"start":{"line":7,"column":49},"end":{"line":7,"column":55}},"6":{"start":{"line":8,"column":11},"end":{"line":8,"column":13}},"7":{"start":{"line":10,"column":18},"end":{"line":18,"column":2}},"8":{"start":{"line":19,"column":0},"end":{"line":19,"column":17}},"9":{"start":{"line":21,"column":0},"end":{"line":28,"column":7}},"10":{"start":{"line":23,"column":8},"end":{"line":23,"column":66}},"11":{"start":{"line":26,"column":20},"end":{"line":26,"column":87}},"12":{"start":{"line":27,"column":8},"end":{"line":27,"column":31}},"13":{"start":{"line":36,"column":0},"end":{"line":36,"column":25}},"14":{"start":{"line":37,"column":0},"end":{"line":37,"column":20}}},"fnMap":{"0":{"name":"(anonymous_0)","decl":{"start":{"line":22,"column":12},"end":{"line":22,"column":13}},"loc":{"start":{"line":22,"column":27},"end":{"line":24,"column":5}},"line":22},"1":{"name":"(anonymous_1)","decl":{"start":{"line":25,"column":13},"end":{"line":25,"column":14}},"loc":{"start":{"line":25,"column":28},"end":{"line":28,"column":5}},"line":25}},"branchMap":{"0":{"loc":{"start":{"line":4,"column":12},"end":{"line":4,"column":49}},"type":"binary-expr","locations":[{"start":{"line":4,"column":12},"end":{"line":4,"column":32}},{"start":{"line":4,"column":36},"end":{"line":4,"column":49}}],"line":4},"1":{"loc":{"start":{"line":23,"column":15},"end":{"line":23,"column":65}},"type":"binary-expr","locations":[{"start":{"line":23,"column":16},"end":{"line":23,"column":39}},{"start":{"line":23,"column":45},"end":{"line":23,"column":64}}],"line":23}},"s":{"0":3,"1":3,"2":3,"3":3,"4":3,"5":3,"6":3,"7":3,"8":3,"9":3,"10":15,"11":12,"12":12,"13":3,"14":3},"f":{"0":15,"1":12},"b":{"0":[3,0],"1":[15,15]},"_coverageSchema":"1a1c01bbd47fc00a2c39e90264f33305004495a9","hash":"881c0c90ba02339876b5b27781d8ee69082e91a6"}
,"D:\\NodeJS\\src\\models\\role.model.js": {"path":"D:\\NodeJS\\src\\models\\role.model.js","statementMap":{"0":{"start":{"line":1,"column":22},"end":{"line":1,"column":42}},"1":{"start":{"line":3,"column":0},"end":{"line":16,"column":2}},"2":{"start":{"line":4,"column":17},"end":{"line":13,"column":5}},"3":{"start":{"line":15,"column":4},"end":{"line":15,"column":16}}},"fnMap":{"0":{"name":"(anonymous_0)","decl":{"start":{"line":3,"column":17},"end":{"line":3,"column":18}},"loc":{"start":{"line":3,"column":38},"end":{"line":16,"column":1}},"line":3}},"branchMap":{},"s":{"0":3,"1":3,"2":3,"3":3},"f":{"0":3},"b":{},"_coverageSchema":"1a1c01bbd47fc00a2c39e90264f33305004495a9","hash":"8f8d19ff75cc2f931ff992fcefe99f6c6e2ad861"}
,"D:\\NodeJS\\src\\models\\user.model.js": {"path":"D:\\NodeJS\\src\\models\\user.model.js","statementMap":{"0":{"start":{"line":1,"column":22},"end":{"line":1,"column":42}},"1":{"start":{"line":3,"column":0},"end":{"line":20,"column":2}},"2":{"start":{"line":4,"column":17},"end":{"line":17,"column":5}},"3":{"start":{"line":19,"column":4},"end":{"line":19,"column":16}}},"fnMap":{"0":{"name":"(anonymous_0)","decl":{"start":{"line":3,"column":17},"end":{"line":3,"column":18}},"loc":{"start":{"line":3,"column":38},"end":{"line":20,"column":1}},"line":3}},"branchMap":{},"s":{"0":3,"1":3,"2":3,"3":3},"f":{"0":3},"b":{},"_coverageSchema":"1a1c01bbd47fc00a2c39e90264f33305004495a9","hash":"f192cf766cd625f8d32187fe6f9b962e9540f05b"}
,"D:\\NodeJS\\src\\modules\\article\\article.controller.js": {"path":"D:\\NodeJS\\src\\modules\\article\\article.controller.js","statementMap":{"0":{"start":{"line":1,"column":23},"end":{"line":1,"column":51}},"1":{"start":{"line":3,"column":0},"end":{"line":48,"column":2}},"2":{"start":{"line":5,"column":8},"end":{"line":10,"column":15}},"3":{"start":{"line":7,"column":28},"end":{"line":7,"column":42}},"4":{"start":{"line":9,"column":16},"end":{"line":9,"column":26}},"5":{"start":{"line":14,"column":8},"end":{"line":19,"column":15}},"6":{"start":{"line":16,"column":24},"end":{"line":16,"column":64}},"7":{"start":{"line":18,"column":16},"end":{"line":18,"column":26}},"8":{"start":{"line":23,"column":8},"end":{"line":28,"column":15}},"9":{"start":{"line":25,"column":24},"end":{"line":25,"column":64}},"10":{"start":{"line":27,"column":16},"end":{"line":27,"column":26}},"11":{"start":{"line":32,"column":8},"end":{"line":37,"column":15}},"12":{"start":{"line":34,"column":24},"end":{"line":34,"column":64}},"13":{"start":{"line":36,"column":16},"end":{"line":36,"column":26}},"14":{"start":{"line":41,"column":8},"end":{"line":46,"column":15}},"15":{"start":{"line":43,"column":28},"end":{"line":43,"column":42}},"16":{"start":{"line":45,"column":16},"end":{"line":45,"column":26}}},"fnMap":{"0":{"name":"getById","decl":{"start":{"line":4,"column":22},"end":{"line":4,"column":29}},"loc":{"start":{"line":4,"column":46},"end":{"line":11,"column":5}},"line":4},"1":{"name":"(anonymous_1)","decl":{"start":{"line":7,"column":18},"end":{"line":7,"column":19}},"loc":{"start":{"line":7,"column":28},"end":{"line":7,"column":42}},"line":7},"2":{"name":"(anonymous_2)","decl":{"start":{"line":8,"column":19},"end":{"line":8,"column":20}},"loc":{"start":{"line":8,"column":28},"end":{"line":10,"column":13}},"line":8},"3":{"name":"create","decl":{"start":{"line":13,"column":21},"end":{"line":13,"column":27}},"loc":{"start":{"line":13,"column":44},"end":{"line":20,"column":5}},"line":13},"4":{"name":"(anonymous_4)","decl":{"start":{"line":16,"column":18},"end":{"line":16,"column":19}},"loc":{"start":{"line":16,"column":24},"end":{"line":16,"column":64}},"line":16},"5":{"name":"(anonymous_5)","decl":{"start":{"line":17,"column":19},"end":{"line":17,"column":20}},"loc":{"start":{"line":17,"column":28},"end":{"line":19,"column":13}},"line":17},"6":{"name":"update","decl":{"start":{"line":22,"column":21},"end":{"line":22,"column":27}},"loc":{"start":{"line":22,"column":44},"end":{"line":29,"column":5}},"line":22},"7":{"name":"(anonymous_7)","decl":{"start":{"line":25,"column":18},"end":{"line":25,"column":19}},"loc":{"start":{"line":25,"column":24},"end":{"line":25,"column":64}},"line":25},"8":{"name":"(anonymous_8)","decl":{"start":{"line":26,"column":19},"end":{"line":26,"column":20}},"loc":{"start":{"line":26,"column":28},"end":{"line":28,"column":13}},"line":26},"9":{"name":"_delete","decl":{"start":{"line":31,"column":22},"end":{"line":31,"column":29}},"loc":{"start":{"line":31,"column":46},"end":{"line":38,"column":5}},"line":31},"10":{"name":"(anonymous_10)","decl":{"start":{"line":34,"column":18},"end":{"line":34,"column":19}},"loc":{"start":{"line":34,"column":24},"end":{"line":34,"column":64}},"line":34},"11":{"name":"(anonymous_11)","decl":{"start":{"line":35,"column":19},"end":{"line":35,"column":20}},"loc":{"start":{"line":35,"column":28},"end":{"line":37,"column":13}},"line":35},"12":{"name":"getAllArticleByUserId","decl":{"start":{"line":40,"column":36},"end":{"line":40,"column":57}},"loc":{"start":{"line":40,"column":74},"end":{"line":47,"column":5}},"line":40},"13":{"name":"(anonymous_13)","decl":{"start":{"line":43,"column":18},"end":{"line":43,"column":19}},"loc":{"start":{"line":43,"column":28},"end":{"line":43,"column":42}},"line":43},"14":{"name":"(anonymous_14)","decl":{"start":{"line":44,"column":19},"end":{"line":44,"column":20}},"loc":{"start":{"line":44,"column":28},"end":{"line":46,"column":13}},"line":44}},"branchMap":{},"s":{"0":1,"1":1,"2":2,"3":1,"4":1,"5":2,"6":1,"7":1,"8":3,"9":1,"10":2,"11":3,"12":1,"13":2,"14":2,"15":2,"16":0},"f":{"0":2,"1":1,"2":1,"3":2,"4":1,"5":1,"6":3,"7":1,"8":2,"9":3,"10":1,"11":2,"12":2,"13":2,"14":0},"b":{},"_coverageSchema":"1a1c01bbd47fc00a2c39e90264f33305004495a9","hash":"808d7c28f89e049cd8067eefedb7c7bace4e9469"}
,"D:\\NodeJS\\src\\modules\\article\\article.route.js": {"path":"D:\\NodeJS\\src\\modules\\article\\article.route.js","statementMap":{"0":{"start":{"line":1,"column":16},"end":{"line":1,"column":34}},"1":{"start":{"line":2,"column":15},"end":{"line":2,"column":31}},"2":{"start":{"line":3,"column":19},"end":{"line":3,"column":50}},"3":{"start":{"line":5,"column":0},"end":{"line":5,"column":24}},"4":{"start":{"line":7,"column":0},"end":{"line":7,"column":39}},"5":{"start":{"line":8,"column":0},"end":{"line":8,"column":36}},"6":{"start":{"line":9,"column":0},"end":{"line":9,"column":38}},"7":{"start":{"line":10,"column":0},"end":{"line":10,"column":42}},"8":{"start":{"line":11,"column":0},"end":{"line":11,"column":70}}},"fnMap":{},"branchMap":{},"s":{"0":1,"1":1,"2":1,"3":1,"4":1,"5":1,"6":1,"7":1,"8":1},"f":{},"b":{},"_coverageSchema":"1a1c01bbd47fc00a2c39e90264f33305004495a9","hash":"0b9a8191beacdd678ef41e644cc8782faf474722"}
,"D:\\NodeJS\\src\\modules\\article\\article.service.js": {"path":"D:\\NodeJS\\src\\modules\\article\\article.service.js","statementMap":{"0":{"start":{"line":1,"column":16},"end":{"line":1,"column":47}},"1":{"start":{"line":2,"column":22},"end":{"line":2,"column":42}},"2":{"start":{"line":3,"column":0},"end":{"line":9,"column":2}},"3":{"start":{"line":12,"column":4},"end":{"line":12,"column":32}},"4":{"start":{"line":16,"column":4},"end":{"line":18,"column":5}},"5":{"start":{"line":17,"column":8},"end":{"line":17,"column":64}},"6":{"start":{"line":20,"column":20},"end":{"line":20,"column":39}},"7":{"start":{"line":21,"column":4},"end":{"line":21,"column":35}},"8":{"start":{"line":22,"column":4},"end":{"line":22,"column":58}},"9":{"start":{"line":23,"column":4},"end":{"line":23,"column":25}},"10":{"start":{"line":27,"column":4},"end":{"line":29,"column":5}},"11":{"start":{"line":28,"column":8},"end":{"line":28,"column":64}},"12":{"start":{"line":31,"column":20},"end":{"line":31,"column":40}},"13":{"start":{"line":33,"column":4},"end":{"line":35,"column":5}},"14":{"start":{"line":34,"column":8},"end":{"line":34,"column":67}},"15":{"start":{"line":36,"column":17},"end":{"line":36,"column":36}},"16":{"start":{"line":37,"column":4},"end":{"line":37,"column":22}},"17":{"start":{"line":41,"column":20},"end":{"line":41,"column":40}},"18":{"start":{"line":42,"column":4},"end":{"line":44,"column":5}},"19":{"start":{"line":43,"column":8},"end":{"line":43,"column":67}},"20":{"start":{"line":46,"column":4},"end":{"line":48,"column":38}},"21":{"start":{"line":52,"column":17},"end":{"line":52,"column":43}},"22":{"start":{"line":53,"column":4},"end":{"line":55,"column":5}},"23":{"start":{"line":54,"column":8},"end":{"line":54,"column":47}},"24":{"start":{"line":56,"column":4},"end":{"line":56,"column":16}},"25":{"start":{"line":60,"column":17},"end":{"line":60,"column":69}},"26":{"start":{"line":61,"column":4},"end":{"line":61,"column":16}},"27":{"start":{"line":65,"column":4},"end":{"line":65,"column":62}}},"fnMap":{"0":{"name":"getById","decl":{"start":{"line":11,"column":15},"end":{"line":11,"column":22}},"loc":{"start":{"line":11,"column":27},"end":{"line":13,"column":1}},"line":11},"1":{"name":"create","decl":{"start":{"line":15,"column":15},"end":{"line":15,"column":21}},"loc":{"start":{"line":15,"column":30},"end":{"line":24,"column":1}},"line":15},"2":{"name":"update","decl":{"start":{"line":26,"column":15},"end":{"line":26,"column":21}},"loc":{"start":{"line":26,"column":34},"end":{"line":38,"column":1}},"line":26},"3":{"name":"_delete","decl":{"start":{"line":40,"column":15},"end":{"line":40,"column":22}},"loc":{"start":{"line":40,"column":35},"end":{"line":49,"column":1}},"line":40},"4":{"name":"getArticle","decl":{"start":{"line":51,"column":15},"end":{"line":51,"column":25}},"loc":{"start":{"line":51,"column":30},"end":{"line":57,"column":1}},"line":51},"5":{"name":"getAllArticleByUserId","decl":{"start":{"line":59,"column":15},"end":{"line":59,"column":36}},"loc":{"start":{"line":59,"column":45},"end":{"line":62,"column":1}},"line":59},"6":{"name":"findArticleByTitle","decl":{"start":{"line":64,"column":15},"end":{"line":64,"column":33}},"loc":{"start":{"line":64,"column":41},"end":{"line":66,"column":1}},"line":64}},"branchMap":{"0":{"loc":{"start":{"line":16,"column":4},"end":{"line":18,"column":5}},"type":"if","locations":[{"start":{"line":16,"column":4},"end":{"line":18,"column":5}},{"start":{},"end":{}}],"line":16},"1":{"loc":{"start":{"line":27,"column":4},"end":{"line":29,"column":5}},"type":"if","locations":[{"start":{"line":27,"column":4},"end":{"line":29,"column":5}},{"start":{},"end":{}}],"line":27},"2":{"loc":{"start":{"line":33,"column":4},"end":{"line":35,"column":5}},"type":"if","locations":[{"start":{"line":33,"column":4},"end":{"line":35,"column":5}},{"start":{},"end":{}}],"line":33},"3":{"loc":{"start":{"line":42,"column":4},"end":{"line":44,"column":5}},"type":"if","locations":[{"start":{"line":42,"column":4},"end":{"line":44,"column":5}},{"start":{},"end":{}}],"line":42},"4":{"loc":{"start":{"line":53,"column":4},"end":{"line":55,"column":5}},"type":"if","locations":[{"start":{"line":53,"column":4},"end":{"line":55,"column":5}},{"start":{},"end":{}}],"line":53}},"s":{"0":1,"1":1,"2":1,"3":2,"4":2,"5":1,"6":1,"7":1,"8":1,"9":1,"10":3,"11":1,"12":2,"13":2,"14":1,"15":1,"16":1,"17":3,"18":2,"19":1,"20":1,"21":7,"22":7,"23":2,"24":5,"25":2,"26":2,"27":5},"f":{"0":2,"1":2,"2":3,"3":3,"4":7,"5":2,"6":5},"b":{"0":[1,1],"1":[1,2],"2":[1,1],"3":[1,1],"4":[2,5]},"_coverageSchema":"1a1c01bbd47fc00a2c39e90264f33305004495a9","hash":"547da11f8426bea99dba9b7de806aad3aebcba3a"}
,"D:\\NodeJS\\src\\modules\\authorization\\authorization.controller.js": {"path":"D:\\NodeJS\\src\\modules\\authorization\\authorization.controller.js","statementMap":{"0":{"start":{"line":1,"column":29},"end":{"line":1,"column":63}},"1":{"start":{"line":2,"column":15},"end":{"line":2,"column":48}},"2":{"start":{"line":4,"column":0},"end":{"line":16,"column":2}},"3":{"start":{"line":7,"column":8},"end":{"line":14,"column":9}},"4":{"start":{"line":8,"column":24},"end":{"line":8,"column":66}},"5":{"start":{"line":9,"column":26},"end":{"line":9,"column":51}},"6":{"start":{"line":10,"column":12},"end":{"line":10,"column":66}},"7":{"start":{"line":11,"column":12},"end":{"line":11,"column":19}},"8":{"start":{"line":13,"column":12},"end":{"line":13,"column":22}}},"fnMap":{"0":{"name":"checkAdmin","decl":{"start":{"line":5,"column":31},"end":{"line":5,"column":41}},"loc":{"start":{"line":5,"column":58},"end":{"line":15,"column":5}},"line":5}},"branchMap":{},"s":{"0":1,"1":1,"2":1,"3":2,"4":2,"5":2,"6":2,"7":2,"8":0},"f":{"0":2},"b":{},"_coverageSchema":"1a1c01bbd47fc00a2c39e90264f33305004495a9","hash":"8ea65e471915f87350e35b738c8a61b8db704b03"}
,"D:\\NodeJS\\src\\modules\\authorization\\authorization.service.js": {"path":"D:\\NodeJS\\src\\modules\\authorization\\authorization.service.js","statementMap":{"0":{"start":{"line":1,"column":17},"end":{"line":1,"column":40}},"1":{"start":{"line":2,"column":17},"end":{"line":2,"column":49}},"2":{"start":{"line":4,"column":0},"end":{"line":6,"column":2}},"3":{"start":{"line":9,"column":15},"end":{"line":11,"column":6}},"4":{"start":{"line":12,"column":4},"end":{"line":14,"column":5}},"5":{"start":{"line":13,"column":8},"end":{"line":13,"column":64}}},"fnMap":{"0":{"name":"checkAdmin","decl":{"start":{"line":8,"column":15},"end":{"line":8,"column":25}},"loc":{"start":{"line":8,"column":34},"end":{"line":15,"column":1}},"line":8}},"branchMap":{"0":{"loc":{"start":{"line":12,"column":4},"end":{"line":14,"column":5}},"type":"if","locations":[{"start":{"line":12,"column":4},"end":{"line":14,"column":5}},{"start":{},"end":{}}],"line":12}},"s":{"0":1,"1":1,"2":1,"3":2,"4":2,"5":0},"f":{"0":2},"b":{"0":[0,2]},"_coverageSchema":"1a1c01bbd47fc00a2c39e90264f33305004495a9","hash":"f16b89d36b2860037f28d24faa151abf21acc723"}
,"D:\\NodeJS\\src\\modules\\comment\\comment.controller.js": {"path":"D:\\NodeJS\\src\\modules\\comment\\comment.controller.js","statementMap":{"0":{"start":{"line":1,"column":23},"end":{"line":1,"column":51}},"1":{"start":{"line":3,"column":0},"end":{"line":31,"column":2}},"2":{"start":{"line":5,"column":8},"end":{"line":8,"column":25}},"3":{"start":{"line":7,"column":24},"end":{"line":7,"column":64}},"4":{"start":{"line":12,"column":8},"end":{"line":15,"column":25}},"5":{"start":{"line":14,"column":24},"end":{"line":14,"column":64}},"6":{"start":{"line":19,"column":8},"end":{"line":22,"column":25}},"7":{"start":{"line":21,"column":24},"end":{"line":21,"column":64}},"8":{"start":{"line":26,"column":8},"end":{"line":29,"column":25}},"9":{"start":{"line":28,"column":28},"end":{"line":28,"column":42}}},"fnMap":{"0":{"name":"create","decl":{"start":{"line":4,"column":21},"end":{"line":4,"column":27}},"loc":{"start":{"line":4,"column":44},"end":{"line":9,"column":5}},"line":4},"1":{"name":"(anonymous_1)","decl":{"start":{"line":7,"column":18},"end":{"line":7,"column":19}},"loc":{"start":{"line":7,"column":24},"end":{"line":7,"column":64}},"line":7},"2":{"name":"update","decl":{"start":{"line":11,"column":21},"end":{"line":11,"column":27}},"loc":{"start":{"line":11,"column":44},"end":{"line":16,"column":5}},"line":11},"3":{"name":"(anonymous_3)","decl":{"start":{"line":14,"column":18},"end":{"line":14,"column":19}},"loc":{"start":{"line":14,"column":24},"end":{"line":14,"column":64}},"line":14},"4":{"name":"_delete","decl":{"start":{"line":18,"column":22},"end":{"line":18,"column":29}},"loc":{"start":{"line":18,"column":46},"end":{"line":23,"column":5}},"line":18},"5":{"name":"(anonymous_5)","decl":{"start":{"line":21,"column":18},"end":{"line":21,"column":19}},"loc":{"start":{"line":21,"column":24},"end":{"line":21,"column":64}},"line":21},"6":{"name":"getAllCommentOfArticle","decl":{"start":{"line":25,"column":37},"end":{"line":25,"column":59}},"loc":{"start":{"line":25,"column":76},"end":{"line":30,"column":5}},"line":25},"7":{"name":"(anonymous_7)","decl":{"start":{"line":28,"column":18},"end":{"line":28,"column":19}},"loc":{"start":{"line":28,"column":28},"end":{"line":28,"column":42}},"line":28}},"branchMap":{},"s":{"0":1,"1":1,"2":1,"3":1,"4":2,"5":1,"6":2,"7":1,"8":1,"9":1},"f":{"0":1,"1":1,"2":2,"3":1,"4":2,"5":1,"6":1,"7":1},"b":{},"_coverageSchema":"1a1c01bbd47fc00a2c39e90264f33305004495a9","hash":"65565600dfb8343d7f52392875decae89bcfcb30"}
,"D:\\NodeJS\\src\\modules\\comment\\comment.route.js": {"path":"D:\\NodeJS\\src\\modules\\comment\\comment.route.js","statementMap":{"0":{"start":{"line":1,"column":16},"end":{"line":1,"column":34}},"1":{"start":{"line":2,"column":15},"end":{"line":2,"column":31}},"2":{"start":{"line":3,"column":19},"end":{"line":3,"column":50}},"3":{"start":{"line":5,"column":0},"end":{"line":5,"column":24}},"4":{"start":{"line":7,"column":0},"end":{"line":7,"column":36}},"5":{"start":{"line":8,"column":0},"end":{"line":8,"column":38}},"6":{"start":{"line":9,"column":0},"end":{"line":9,"column":42}},"7":{"start":{"line":10,"column":0},"end":{"line":13,"column":2}}},"fnMap":{},"branchMap":{},"s":{"0":1,"1":1,"2":1,"3":1,"4":1,"5":1,"6":1,"7":1},"f":{},"b":{},"_coverageSchema":"1a1c01bbd47fc00a2c39e90264f33305004495a9","hash":"f88816ab43541f537691655fe07ce2a4a4c02f51"}
,"D:\\NodeJS\\src\\modules\\comment\\comment.service.js": {"path":"D:\\NodeJS\\src\\modules\\comment\\comment.service.js","statementMap":{"0":{"start":{"line":1,"column":16},"end":{"line":1,"column":47}},"1":{"start":{"line":2,"column":0},"end":{"line":7,"column":2}},"2":{"start":{"line":10,"column":20},"end":{"line":10,"column":39}},"3":{"start":{"line":11,"column":4},"end":{"line":11,"column":25}},"4":{"start":{"line":15,"column":20},"end":{"line":15,"column":40}},"5":{"start":{"line":16,"column":4},"end":{"line":18,"column":5}},"6":{"start":{"line":17,"column":8},"end":{"line":17,"column":62}},"7":{"start":{"line":19,"column":17},"end":{"line":19,"column":36}},"8":{"start":{"line":20,"column":4},"end":{"line":20,"column":22}},"9":{"start":{"line":24,"column":20},"end":{"line":24,"column":40}},"10":{"start":{"line":25,"column":4},"end":{"line":27,"column":5}},"11":{"start":{"line":26,"column":8},"end":{"line":26,"column":62}},"12":{"start":{"line":28,"column":4},"end":{"line":31,"column":5}},"13":{"start":{"line":35,"column":17},"end":{"line":35,"column":43}},"14":{"start":{"line":36,"column":4},"end":{"line":36,"column":46}},"15":{"start":{"line":36,"column":15},"end":{"line":36,"column":46}},"16":{"start":{"line":37,"column":4},"end":{"line":37,"column":16}},"17":{"start":{"line":41,"column":17},"end":{"line":41,"column":75}},"18":{"start":{"line":42,"column":4},"end":{"line":42,"column":16}}},"fnMap":{"0":{"name":"create","decl":{"start":{"line":9,"column":15},"end":{"line":9,"column":21}},"loc":{"start":{"line":9,"column":30},"end":{"line":12,"column":1}},"line":9},"1":{"name":"update","decl":{"start":{"line":14,"column":15},"end":{"line":14,"column":21}},"loc":{"start":{"line":14,"column":34},"end":{"line":21,"column":1}},"line":14},"2":{"name":"_delete","decl":{"start":{"line":23,"column":15},"end":{"line":23,"column":22}},"loc":{"start":{"line":23,"column":35},"end":{"line":32,"column":1}},"line":23},"3":{"name":"getComment","decl":{"start":{"line":34,"column":15},"end":{"line":34,"column":25}},"loc":{"start":{"line":34,"column":30},"end":{"line":38,"column":1}},"line":34},"4":{"name":"getAllCommentOfArticle","decl":{"start":{"line":40,"column":15},"end":{"line":40,"column":37}},"loc":{"start":{"line":40,"column":49},"end":{"line":43,"column":1}},"line":40}},"branchMap":{"0":{"loc":{"start":{"line":16,"column":4},"end":{"line":18,"column":5}},"type":"if","locations":[{"start":{"line":16,"column":4},"end":{"line":18,"column":5}},{"start":{},"end":{}}],"line":16},"1":{"loc":{"start":{"line":25,"column":4},"end":{"line":27,"column":5}},"type":"if","locations":[{"start":{"line":25,"column":4},"end":{"line":27,"column":5}},{"start":{},"end":{}}],"line":25},"2":{"loc":{"start":{"line":36,"column":4},"end":{"line":36,"column":46}},"type":"if","locations":[{"start":{"line":36,"column":4},"end":{"line":36,"column":46}},{"start":{},"end":{}}],"line":36}},"s":{"0":1,"1":1,"2":1,"3":1,"4":2,"5":2,"6":1,"7":1,"8":1,"9":2,"10":2,"11":1,"12":1,"13":4,"14":4,"15":0,"16":4,"17":1,"18":1},"f":{"0":1,"1":2,"2":2,"3":4,"4":1},"b":{"0":[1,1],"1":[1,1],"2":[0,4]},"_coverageSchema":"1a1c01bbd47fc00a2c39e90264f33305004495a9","hash":"4c7b0d83b81b8e8d008fb128afb31a686861a39a"}
,"D:\\NodeJS\\src\\modules\\helper\\helper.token.js": {"path":"D:\\NodeJS\\src\\modules\\helper\\helper.token.js","statementMap":{"0":{"start":{"line":1,"column":12},"end":{"line":1,"column":35}},"1":{"start":{"line":2,"column":15},"end":{"line":2,"column":56}},"2":{"start":{"line":4,"column":0},"end":{"line":24,"column":2}},"3":{"start":{"line":6,"column":8},"end":{"line":8,"column":11}},"4":{"start":{"line":12,"column":8},"end":{"line":14,"column":11}},"5":{"start":{"line":18,"column":8},"end":{"line":22,"column":9}},"6":{"start":{"line":19,"column":12},"end":{"line":19,"column":52}},"7":{"start":{"line":21,"column":12},"end":{"line":21,"column":72}}},"fnMap":{"0":{"name":"(anonymous_0)","decl":{"start":{"line":5,"column":19},"end":{"line":5,"column":20}},"loc":{"start":{"line":5,"column":28},"end":{"line":9,"column":5}},"line":5},"1":{"name":"(anonymous_1)","decl":{"start":{"line":11,"column":26},"end":{"line":11,"column":27}},"loc":{"start":{"line":11,"column":35},"end":{"line":15,"column":5}},"line":11},"2":{"name":"(anonymous_2)","decl":{"start":{"line":17,"column":17},"end":{"line":17,"column":18}},"loc":{"start":{"line":17,"column":28},"end":{"line":23,"column":5}},"line":17}},"branchMap":{},"s":{"0":2,"1":2,"2":2,"3":1,"4":1,"5":3,"6":3,"7":0},"f":{"0":1,"1":1,"2":3},"b":{},"_coverageSchema":"1a1c01bbd47fc00a2c39e90264f33305004495a9","hash":"8dd8e30e2d9455bb435527adb6eb1711486a0546"}
,"D:\\NodeJS\\src\\modules\\user\\user.controller.js": {"path":"D:\\NodeJS\\src\\modules\\user\\user.controller.js","statementMap":{"0":{"start":{"line":1,"column":20},"end":{"line":1,"column":45}},"1":{"start":{"line":3,"column":0},"end":{"line":38,"column":2}},"2":{"start":{"line":5,"column":8},"end":{"line":10,"column":15}},"3":{"start":{"line":7,"column":29},"end":{"line":7,"column":44}},"4":{"start":{"line":9,"column":16},"end":{"line":9,"column":26}},"5":{"start":{"line":13,"column":8},"end":{"line":20,"column":15}},"6":{"start":{"line":16,"column":16},"end":{"line":16,"column":31}},"7":{"start":{"line":19,"column":16},"end":{"line":19,"column":26}},"8":{"start":{"line":23,"column":8},"end":{"line":28,"column":15}},"9":{"start":{"line":25,"column":24},"end":{"line":25,"column":61}},"10":{"start":{"line":27,"column":16},"end":{"line":27,"column":26}},"11":{"start":{"line":31,"column":8},"end":{"line":36,"column":15}},"12":{"start":{"line":33,"column":24},"end":{"line":33,"column":61}},"13":{"start":{"line":35,"column":16},"end":{"line":35,"column":26}}},"fnMap":{"0":{"name":"getAll","decl":{"start":{"line":4,"column":21},"end":{"line":4,"column":27}},"loc":{"start":{"line":4,"column":44},"end":{"line":11,"column":5}},"line":4},"1":{"name":"(anonymous_1)","decl":{"start":{"line":7,"column":18},"end":{"line":7,"column":19}},"loc":{"start":{"line":7,"column":29},"end":{"line":7,"column":44}},"line":7},"2":{"name":"(anonymous_2)","decl":{"start":{"line":8,"column":19},"end":{"line":8,"column":20}},"loc":{"start":{"line":8,"column":28},"end":{"line":10,"column":13}},"line":8},"3":{"name":"getById","decl":{"start":{"line":12,"column":22},"end":{"line":12,"column":29}},"loc":{"start":{"line":12,"column":46},"end":{"line":21,"column":5}},"line":12},"4":{"name":"(anonymous_4)","decl":{"start":{"line":15,"column":18},"end":{"line":15,"column":19}},"loc":{"start":{"line":15,"column":28},"end":{"line":17,"column":13}},"line":15},"5":{"name":"(anonymous_5)","decl":{"start":{"line":18,"column":19},"end":{"line":18,"column":20}},"loc":{"start":{"line":18,"column":28},"end":{"line":20,"column":13}},"line":18},"6":{"name":"update","decl":{"start":{"line":22,"column":21},"end":{"line":22,"column":27}},"loc":{"start":{"line":22,"column":44},"end":{"line":29,"column":5}},"line":22},"7":{"name":"(anonymous_7)","decl":{"start":{"line":25,"column":18},"end":{"line":25,"column":19}},"loc":{"start":{"line":25,"column":24},"end":{"line":25,"column":61}},"line":25},"8":{"name":"(anonymous_8)","decl":{"start":{"line":26,"column":19},"end":{"line":26,"column":20}},"loc":{"start":{"line":26,"column":28},"end":{"line":28,"column":13}},"line":26},"9":{"name":"_delete","decl":{"start":{"line":30,"column":22},"end":{"line":30,"column":29}},"loc":{"start":{"line":30,"column":46},"end":{"line":37,"column":5}},"line":30},"10":{"name":"(anonymous_10)","decl":{"start":{"line":33,"column":18},"end":{"line":33,"column":19}},"loc":{"start":{"line":33,"column":24},"end":{"line":33,"column":61}},"line":33},"11":{"name":"(anonymous_11)","decl":{"start":{"line":34,"column":19},"end":{"line":34,"column":20}},"loc":{"start":{"line":34,"column":28},"end":{"line":36,"column":13}},"line":34}},"branchMap":{},"s":{"0":1,"1":1,"2":1,"3":1,"4":0,"5":2,"6":1,"7":1,"8":2,"9":1,"10":1,"11":2,"12":1,"13":1},"f":{"0":1,"1":1,"2":0,"3":2,"4":1,"5":1,"6":2,"7":1,"8":1,"9":2,"10":1,"11":1},"b":{},"_coverageSchema":"1a1c01bbd47fc00a2c39e90264f33305004495a9","hash":"6ea6001d80fb485188caade55f11b0690c2be03d"}
,"D:\\NodeJS\\src\\modules\\user\\user.route.js": {"path":"D:\\NodeJS\\src\\modules\\user\\user.route.js","statementMap":{"0":{"start":{"line":1,"column":16},"end":{"line":1,"column":34}},"1":{"start":{"line":2,"column":15},"end":{"line":2,"column":31}},"2":{"start":{"line":3,"column":19},"end":{"line":3,"column":47}},"3":{"start":{"line":4,"column":23},"end":{"line":4,"column":75}},"4":{"start":{"line":6,"column":0},"end":{"line":6,"column":24}},"5":{"start":{"line":8,"column":0},"end":{"line":8,"column":35}},"6":{"start":{"line":9,"column":0},"end":{"line":9,"column":39}},"7":{"start":{"line":10,"column":0},"end":{"line":10,"column":38}},"8":{"start":{"line":11,"column":0},"end":{"line":11,"column":54}}},"fnMap":{},"branchMap":{},"s":{"0":1,"1":1,"2":1,"3":1,"4":1,"5":1,"6":1,"7":1,"8":1},"f":{},"b":{},"_coverageSchema":"1a1c01bbd47fc00a2c39e90264f33305004495a9","hash":"079675b39de039ec45a2f5394d951fb4c06f8831"}
,"D:\\NodeJS\\src\\modules\\user\\user.service.js": {"path":"D:\\NodeJS\\src\\modules\\user\\user.service.js","statementMap":{"0":{"start":{"line":1,"column":15},"end":{"line":1,"column":34}},"1":{"start":{"line":2,"column":13},"end":{"line":2,"column":41}},"2":{"start":{"line":4,"column":0},"end":{"line":10,"column":2}},"3":{"start":{"line":13,"column":4},"end":{"line":13,"column":32}},"4":{"start":{"line":17,"column":4},"end":{"line":17,"column":29}},"5":{"start":{"line":21,"column":17},"end":{"line":21,"column":34}},"6":{"start":{"line":22,"column":18},"end":{"line":22,"column":70}},"7":{"start":{"line":23,"column":4},"end":{"line":25,"column":5}},"8":{"start":{"line":24,"column":8},"end":{"line":24,"column":65}},"9":{"start":{"line":27,"column":4},"end":{"line":32,"column":35}},"10":{"start":{"line":36,"column":4},"end":{"line":36,"column":22}},"11":{"start":{"line":38,"column":4},"end":{"line":40,"column":30}},"12":{"start":{"line":44,"column":17},"end":{"line":44,"column":40}},"13":{"start":{"line":45,"column":4},"end":{"line":45,"column":51}},"14":{"start":{"line":45,"column":15},"end":{"line":45,"column":51}},"15":{"start":{"line":46,"column":4},"end":{"line":46,"column":16}}},"fnMap":{"0":{"name":"getAll","decl":{"start":{"line":12,"column":15},"end":{"line":12,"column":21}},"loc":{"start":{"line":12,"column":24},"end":{"line":14,"column":1}},"line":12},"1":{"name":"getById","decl":{"start":{"line":16,"column":15},"end":{"line":16,"column":22}},"loc":{"start":{"line":16,"column":27},"end":{"line":18,"column":1}},"line":16},"2":{"name":"update","decl":{"start":{"line":20,"column":15},"end":{"line":20,"column":21}},"loc":{"start":{"line":20,"column":34},"end":{"line":33,"column":1}},"line":20},"3":{"name":"_delete","decl":{"start":{"line":35,"column":15},"end":{"line":35,"column":22}},"loc":{"start":{"line":35,"column":27},"end":{"line":41,"column":1}},"line":35},"4":{"name":"getUser","decl":{"start":{"line":43,"column":15},"end":{"line":43,"column":22}},"loc":{"start":{"line":43,"column":27},"end":{"line":47,"column":1}},"line":43}},"branchMap":{"0":{"loc":{"start":{"line":23,"column":4},"end":{"line":25,"column":5}},"type":"if","locations":[{"start":{"line":23,"column":4},"end":{"line":25,"column":5}},{"start":{},"end":{}}],"line":23},"1":{"loc":{"start":{"line":45,"column":4},"end":{"line":45,"column":51}},"type":"if","locations":[{"start":{"line":45,"column":4},"end":{"line":45,"column":51}},{"start":{},"end":{}}],"line":45}},"s":{"0":1,"1":1,"2":1,"3":1,"4":2,"5":2,"6":2,"7":2,"8":1,"9":1,"10":2,"11":1,"12":6,"13":6,"14":2,"15":4},"f":{"0":1,"1":2,"2":2,"3":2,"4":6},"b":{"0":[1,1],"1":[2,4]},"_coverageSchema":"1a1c01bbd47fc00a2c39e90264f33305004495a9","hash":"42162049de5fe91251e0100e26e2f33265cd1c68"}
,"D:\\NodeJS\\src\\static\\constant.js": {"path":"D:\\NodeJS\\src\\static\\constant.js","statementMap":{"0":{"start":{"line":1,"column":0},"end":{"line":5,"column":2}}},"fnMap":{},"branchMap":{},"s":{"0":2},"f":{},"b":{},"_coverageSchema":"1a1c01bbd47fc00a2c39e90264f33305004495a9","hash":"af0a8b88591a65b02687e9572fc42ac49e762a1b"}
}
