TN:
SF:src\models\article.model.js
FN:3,(anonymous_0)
FNF:1
FNH:1
FNDA:3,(anonymous_0)
DA:1,3
DA:3,3
DA:4,3
DA:19,3
LF:4
LH:4
BRF:0
BRH:0
end_of_record
TN:
SF:src\models\comment.model.js
FN:3,(anonymous_0)
FNF:1
FNH:1
FNDA:3,(anonymous_0)
DA:1,3
DA:3,3
DA:4,3
DA:11,3
LF:4
LH:4
BRF:0
BRH:0
end_of_record
TN:
SF:src\models\index.js
FN:22,(anonymous_0)
FN:25,(anonymous_1)
FNF:2
FNH:2
FNDA:15,(anonymous_0)
FNDA:12,(anonymous_1)
DA:1,3
DA:2,3
DA:3,3
DA:4,3
DA:5,3
DA:7,3
DA:8,3
DA:10,3
DA:19,3
DA:21,3
DA:23,15
DA:26,12
DA:27,12
DA:36,3
DA:37,3
LF:15
LH:15
BRDA:4,0,0,3
BRDA:4,0,1,0
BRDA:23,1,0,15
BRDA:23,1,1,15
BRF:4
BRH:3
end_of_record
TN:
SF:src\models\role.model.js
FN:3,(anonymous_0)
FNF:1
FNH:1
FNDA:3,(anonymous_0)
DA:1,3
DA:3,3
DA:4,3
DA:15,3
LF:4
LH:4
BRF:0
BRH:0
end_of_record
TN:
SF:src\models\user.model.js
FN:3,(anonymous_0)
FNF:1
FNH:1
FNDA:3,(anonymous_0)
DA:1,3
DA:3,3
DA:4,3
DA:19,3
LF:4
LH:4
BRF:0
BRH:0
end_of_record
TN:
SF:src\modules\article\article.controller.js
FN:4,getById
FN:7,(anonymous_1)
FN:8,(anonymous_2)
FN:13,create
FN:16,(anonymous_4)
FN:17,(anonymous_5)
FN:22,update
FN:25,(anonymous_7)
FN:26,(anonymous_8)
FN:31,_delete
FN:34,(anonymous_10)
FN:35,(anonymous_11)
FN:40,getAllArticleByUserId
FN:43,(anonymous_13)
FN:44,(anonymous_14)
FNF:15
FNH:14
FNDA:2,getById
FNDA:1,(anonymous_1)
FNDA:1,(anonymous_2)
FNDA:2,create
FNDA:1,(anonymous_4)
FNDA:1,(anonymous_5)
FNDA:3,update
FNDA:1,(anonymous_7)
FNDA:2,(anonymous_8)
FNDA:3,_delete
FNDA:1,(anonymous_10)
FNDA:2,(anonymous_11)
FNDA:2,getAllArticleByUserId
FNDA:2,(anonymous_13)
FNDA:0,(anonymous_14)
DA:1,1
DA:3,1
DA:5,2
DA:7,1
DA:9,1
DA:14,2
DA:16,1
DA:18,1
DA:23,3
DA:25,1
DA:27,2
DA:32,3
DA:34,1
DA:36,2
DA:41,2
DA:43,2
DA:45,0
LF:17
LH:16
BRF:0
BRH:0
end_of_record
TN:
SF:src\modules\article\article.route.js
FNF:0
FNH:0
DA:1,1
DA:2,1
DA:3,1
DA:5,1
DA:7,1
DA:8,1
DA:9,1
DA:10,1
DA:11,1
LF:9
LH:9
BRF:0
BRH:0
end_of_record
TN:
SF:src\modules\article\article.service.js
FN:11,getById
FN:15,create
FN:26,update
FN:40,_delete
FN:51,getArticle
FN:59,getAllArticleByUserId
FN:64,findArticleByTitle
FNF:7
FNH:7
FNDA:2,getById
FNDA:2,create
FNDA:3,update
FNDA:3,_delete
FNDA:7,getArticle
FNDA:2,getAllArticleByUserId
FNDA:5,findArticleByTitle
DA:1,1
DA:2,1
DA:3,1
DA:12,2
DA:16,2
DA:17,1
DA:20,1
DA:21,1
DA:22,1
DA:23,1
DA:27,3
DA:28,1
DA:31,2
DA:33,2
DA:34,1
DA:36,1
DA:37,1
DA:41,3
DA:42,2
DA:43,1
DA:46,1
DA:52,7
DA:53,7
DA:54,2
DA:56,5
DA:60,2
DA:61,2
DA:65,5
LF:28
LH:28
BRDA:16,0,0,1
BRDA:16,0,1,1
BRDA:27,1,0,1
BRDA:27,1,1,2
BRDA:33,2,0,1
BRDA:33,2,1,1
BRDA:42,3,0,1
BRDA:42,3,1,1
BRDA:53,4,0,2
BRDA:53,4,1,5
BRF:10
BRH:10
end_of_record
TN:
SF:src\modules\authorization\authorization.controller.js
FN:5,checkAdmin
FNF:1
FNH:1
FNDA:2,checkAdmin
DA:1,1
DA:2,1
DA:4,1
DA:7,2
DA:8,2
DA:9,2
DA:10,2
DA:11,2
DA:13,0
LF:9
LH:8
BRF:0
BRH:0
end_of_record
TN:
SF:src\modules\authorization\authorization.service.js
FN:8,checkAdmin
FNF:1
FNH:1
FNDA:2,checkAdmin
DA:1,1
DA:2,1
DA:4,1
DA:9,2
DA:12,2
DA:13,0
LF:6
LH:5
BRDA:12,0,0,0
BRDA:12,0,1,2
BRF:2
BRH:1
end_of_record
TN:
SF:src\modules\comment\comment.controller.js
FN:4,create
FN:7,(anonymous_1)
FN:11,update
FN:14,(anonymous_3)
FN:18,_delete
FN:21,(anonymous_5)
FN:25,getAllCommentOfArticle
FN:28,(anonymous_7)
FNF:8
FNH:8
FNDA:1,create
FNDA:1,(anonymous_1)
FNDA:2,update
FNDA:1,(anonymous_3)
FNDA:2,_delete
FNDA:1,(anonymous_5)
FNDA:1,getAllCommentOfArticle
FNDA:1,(anonymous_7)
DA:1,1
DA:3,1
DA:5,1
DA:7,1
DA:12,2
DA:14,1
DA:19,2
DA:21,1
DA:26,1
DA:28,1
LF:10
LH:10
BRF:0
BRH:0
end_of_record
TN:
SF:src\modules\comment\comment.route.js
FNF:0
FNH:0
DA:1,1
DA:2,1
DA:3,1
DA:5,1
DA:7,1
DA:8,1
DA:9,1
DA:10,1
LF:8
LH:8
BRF:0
BRH:0
end_of_record
TN:
SF:src\modules\comment\comment.service.js
FN:9,create
FN:14,update
FN:23,_delete
FN:34,getComment
FN:40,getAllCommentOfArticle
FNF:5
FNH:5
FNDA:1,create
FNDA:2,update
FNDA:2,_delete
FNDA:4,getComment
FNDA:1,getAllCommentOfArticle
DA:1,1
DA:2,1
DA:10,1
DA:11,1
DA:15,2
DA:16,2
DA:17,1
DA:19,1
DA:20,1
DA:24,2
DA:25,2
DA:26,1
DA:28,1
DA:35,4
DA:36,4
DA:37,4
DA:41,1
DA:42,1
LF:18
LH:18
BRDA:16,0,0,1
BRDA:16,0,1,1
BRDA:25,1,0,1
BRDA:25,1,1,1
BRDA:36,2,0,0
BRDA:36,2,1,4
BRF:6
BRH:5
end_of_record
TN:
SF:src\modules\helper\helper.token.js
FN:5,(anonymous_0)
FN:11,(anonymous_1)
FN:17,(anonymous_2)
FNF:3
FNH:3
FNDA:1,(anonymous_0)
FNDA:1,(anonymous_1)
FNDA:3,(anonymous_2)
DA:1,2
DA:2,2
DA:4,2
DA:6,1
DA:12,1
DA:18,3
DA:19,3
DA:21,0
LF:8
LH:7
BRF:0
BRH:0
end_of_record
TN:
SF:src\modules\user\user.controller.js
FN:4,getAll
FN:7,(anonymous_1)
FN:8,(anonymous_2)
FN:12,getById
FN:15,(anonymous_4)
FN:18,(anonymous_5)
FN:22,update
FN:25,(anonymous_7)
FN:26,(anonymous_8)
FN:30,_delete
FN:33,(anonymous_10)
FN:34,(anonymous_11)
FNF:12
FNH:11
FNDA:1,getAll
FNDA:1,(anonymous_1)
FNDA:0,(anonymous_2)
FNDA:2,getById
FNDA:1,(anonymous_4)
FNDA:1,(anonymous_5)
FNDA:2,update
FNDA:1,(anonymous_7)
FNDA:1,(anonymous_8)
FNDA:2,_delete
FNDA:1,(anonymous_10)
FNDA:1,(anonymous_11)
DA:1,1
DA:3,1
DA:5,1
DA:7,1
DA:9,0
DA:13,2
DA:16,1
DA:19,1
DA:23,2
DA:25,1
DA:27,1
DA:31,2
DA:33,1
DA:35,1
LF:14
LH:13
BRF:0
BRH:0
end_of_record
TN:
SF:src\modules\user\user.route.js
FNF:0
FNH:0
DA:1,1
DA:2,1
DA:3,1
DA:4,1
DA:6,1
DA:8,1
DA:9,1
DA:10,1
DA:11,1
LF:9
LH:9
BRF:0
BRH:0
end_of_record
TN:
SF:src\modules\user\user.service.js
FN:12,getAll
FN:16,getById
FN:20,update
FN:35,_delete
FN:43,getUser
FNF:5
FNH:5
FNDA:1,getAll
FNDA:2,getById
FNDA:2,update
FNDA:2,_delete
FNDA:6,getUser
DA:1,1
DA:2,1
DA:4,1
DA:13,1
DA:17,2
DA:21,2
DA:22,2
DA:23,2
DA:24,1
DA:27,1
DA:36,2
DA:38,1
DA:44,6
DA:45,6
DA:46,4
LF:15
LH:15
BRDA:23,0,0,1
BRDA:23,0,1,1
BRDA:45,1,0,2
BRDA:45,1,1,4
BRF:4
BRH:4
end_of_record
TN:
SF:src\static\constant.js
FNF:0
FNH:0
DA:1,2
LF:1
LH:1
BRF:0
BRH:0
end_of_record
